<?xml version="1.0" encoding="UTF-8"?>
<robot generator="Robot 4.0.3 (Python 3.9.5 on win32)" generated="20210616 18:37:03.409" rpa="false" schemaversion="2">
<suite id="s1" name="Exercicios2" source="C:\curso-prime-codigos\Tests\exercicios2.robot">
<test id="s1-t1" name="Exercicicio Argumentos e Retorno">
<kw name="Criar email formatado">
<kw name="Formacao email">
<var>${EMAIL_CRIADO}</var>
<arg>${PESSOA.nome}</arg>
<arg>${PESSOA.sobrenome}</arg>
<arg>${PESSOA.idade}</arg>
<kw name="Catenate" library="BuiltIn">
<var>${EMAIL_VALIDO}</var>
<arg>SEPARATOR=_</arg>
<arg>${nome}</arg>
<arg>${sobrenome}</arg>
<arg>${idade}</arg>
<doc>Catenates the given items together and returns the resulted string.</doc>
<msg timestamp="20210616 18:37:03.504" level="INFO">${EMAIL_VALIDO} = David_Aquilino_35</msg>
<status status="PASS" starttime="20210616 18:37:03.503" endtime="20210616 18:37:03.504"/>
</kw>
<msg timestamp="20210616 18:37:03.505" level="INFO">${EMAIL_CRIADO} = David_Aquilino_35@robot.com</msg>
<status status="PASS" starttime="20210616 18:37:03.498" endtime="20210616 18:37:03.505"/>
</kw>
<kw name="Log To Console" library="BuiltIn">
<arg>${EMAIL_CRIADO}</arg>
<doc>Logs the given message to the console.</doc>
<status status="PASS" starttime="20210616 18:37:03.506" endtime="20210616 18:37:03.508"/>
</kw>
<status status="PASS" starttime="20210616 18:37:03.496" endtime="20210616 18:37:03.509"/>
</kw>
<status status="PASS" starttime="20210616 18:37:03.487" endtime="20210616 18:37:03.510"/>
</test>
<doc>Entrega do Exercicício de Argumentos e Retorno</doc>
<status status="PASS" starttime="20210616 18:37:03.409" endtime="20210616 18:37:03.512"/>
</suite>
<statistics>
<total>
<stat pass="1" fail="0" skip="0">All Tests</stat>
</total>
<tag>
</tag>
<suite>
<stat pass="1" fail="0" skip="0" id="s1" name="Exercicios2">Exercicios2</stat>
</suite>
</statistics>
<errors>
</errors>
</robot>
